<?xml version="1.0" encoding="UTF-8"?>
<!-- Generated by org.testng.reporters.JUnitXMLReporter -->
<testsuite ignored="1" hostname="DESKTOP-N749LR5" failures="0" tests="2" name="Test" time="29.534" errors="0" timestamp="2024-05-24T19:01:06 EDT">
  <testcase classname="AutomationTutorial.SubmitOrder" name="submitOrder" time="13.043"/>
  <testcase classname="AutomationTutorial.SubmitOrder" name="submitOrder" time="16.431"/>
  <testcase classname="AutomationTutorial.SubmitOrder" name="orderHistoryVerification" time="0.0">
    <ignored/>
  </testcase> <!-- orderHistoryVerification -->
</testsuite> <!-- Test -->
