<?xml version="1.0" encoding="UTF-8"?>
<!-- Generated by org.testng.reporters.JUnitReportReporter -->
<testsuite hostname="DESKTOP-N749LR5" failures="1" tests="1" name="cucumber.TestNgTestRunner" time="6.277" errors="0" timestamp="2024-05-28T12:05:24 EDT" skipped="0">
  <testcase classname="cucumber.TestNgTestRunner" name="runScenario" time="6.277">
    <failure message="expected:&lt;Incorrect email [and passow]rd.&gt; but was:&lt;Incorrect email [or passwo]rd.&gt;" type="org.junit.ComparisonFailure">
      <![CDATA[org.junit.ComparisonFailure: expected:<Incorrect email [and passow]rd.> but was:<Incorrect email [or passwo]rd.>
at org.junit.Assert.assertEquals(Assert.java:115)
at org.junit.Assert.assertEquals(Assert.java:144)
at AutomationTutorial.stepDefinitions.StepDefinitionImpl.meessage_is_displayed(StepDefinitionImpl.java:62)
at ✽."Incorrect email and passowrd." meessage is displayed(file:///C:/Users/poorn/Workspace%20Spring/SeleniumFrameworkDesign/src/test/java/cucumber/ErrorValidation.feature:12)
]]>
    </failure>
  </testcase> <!-- runScenario -->
</testsuite> <!-- cucumber.TestNgTestRunner -->
